2025-03-10 07:21:00 | INFO | repo=contri-speed | action=pull
2025-06-15 13:52:00 | DEBUG | repo=contri-speed | action=commit
2025-04-25 08:52:00 | WARN | repo=contri-speed | action=commit
2025-10-25 07:12:00 | WARN | repo=contri-speed | action=test | passed=true
2025-10-03 08:18:00 | DEBUG | repo=contri-speed | action=test | passed=true
2025-11-20 08:18:00 | INFO | repo=contri-speed | action=pull
2025-04-03 12:25:00 | DEBUG | repo=contri-speed | action=commit
2025-06-25 15:55:00 | DEBUG | repo=contri-speed | action=test | passed=true
2025-02-28 08:36:00 | WARN | repo=contri-speed | action=test | passed=true
2025-10-14 20:53:00 | INFO | repo=contri-speed | action=test | passed=true
2025-03-03 18:25:00 | DEBUG | repo=contri-speed | action=commit
2025-11-28 07:21:00 | WARN | repo=contri-speed | action=commit
2025-12-03 17:32:00 | DEBUG | repo=contri-speed | action=edit | files=3
2025-01-11 19:18:00 | WARN | repo=contri-speed | action=pull
2025-08-09 09:39:00 | INFO | repo=contri-speed | action=test | passed=true
2025-09-26 18:06:00 | WARN | repo=contri-speed | action=commit
2025-12-11 21:36:00 | WARN | repo=contri-speed | action=test | passed=true
2025-05-06 16:09:00 | INFO | repo=contri-speed | action=test | passed=true
2025-08-01 08:27:00 | WARN | repo=contri-speed | action=commit
2025-10-28 20:53:00 | INFO | repo=contri-speed | action=commit
2025-12-02 19:07:00 | WARN | repo=contri-speed | action=commit
2025-01-17 15:49:00 | INFO | repo=contri-speed | action=test | passed=true
2025-04-11 14:02:00 | WARN | repo=contri-speed | action=commit
2025-03-18 08:06:00 | INFO | repo=contri-speed | action=commit
2025-03-04 15:58:00 | DEBUG | repo=contri-speed | action=commit
2025-08-01 18:33:00 | WARN | repo=contri-speed | action=commit
2025-05-08 11:07:00 | INFO | repo=contri-speed | action=commit
2025-12-21 19:56:00 | WARN | repo=contri-speed | action=commit
